#
# A fatal error has been detected by the Java Runtime Environment:
#
#  EXCEPTION_ACCESS_VIOLATION (0xc0000005) at pc=0x000000006b520570, pid=8992, tid=5548
#
# JRE version: Java(TM) SE Runtime Environment (10.0.2+13) (build 10.0.2+13)
# Java VM: Java HotSpot(TM) 64-Bit Server VM (10.0.2+13, mixed mode, tiered, compressed oops, g1 gc, windows-amd64)
# Problematic frame:
# V  [jvm.dll+0x2d0570]
#
# No core dump will be written. Minidumps are not enabled by default on client versions of Windows
#
# If you would like to submit a bug report, please visit:
#   http://bugreport.java.com/bugreport/crash.jsp
#

---------------  S U M M A R Y ------------

Command Line: -Dfile.encoding=UTF-8 com.wadzem.backendwadzen.BackendwadzenApplication

Host: Intel(R) Core(TM) i5-6200U CPU @ 2.30GHz, 4 cores, 7G,  Windows 7 , 64 bit Build 7601 (6.1.7601.23915)
Time: Mon Dec 03 13:25:41 2018 Est elapsed time: 154 seconds (0d 0h 2m 34s)

---------------  T H R E A D  ---------------

Current thread (0x0000000000497000):  ConcurrentGCThread "G1 Conc#0" [stack: 0x000000001e600000,0x000000001e700000] [id=5548]

Stack: [0x000000001e600000,0x000000001e700000],  sp=0x000000001e6ff6d0,  free space=1021k
Native frames: (J=compiled Java code, j=interpreted, Vv=VM code, C=native code)
V  [jvm.dll+0x2d0570]
V  [jvm.dll+0x2caec4]
V  [jvm.dll+0x2cd7f8]
V  [jvm.dll+0x2cef2b]
V  [jvm.dll+0x2cdb7b]
V  [jvm.dll+0x2d0ef6]
V  [jvm.dll+0x6dffa0]
V  [jvm.dll+0x59f4b0]
C  [msvcr120.dll+0x24f7f]
C  [msvcr120.dll+0x25126]
C  [kernel32.dll+0x159cd]
C  [ntdll.dll+0x2a561]


siginfo: EXCEPTION_ACCESS_VIOLATION (0xc0000005), reading address 0x0000000000000008


Register to memory mapping:

RIP=0x000000006b520570 jvm.dll
RAX=0x0000000085d729f8 is an oop

[error occurred during error reporting (printing register info), id 0xc0000005]

Registers:
RAX=0x0000000085d729f8, RBX=0x0000000000461cf0, RCX=0x0000000000000000, RDX=0x0000000000000000
RSP=0x000000001e6ff6d0, RBP=0x00000000000c0000, RSI=0x000000001e6ff7f8, RDI=0x0000000085d729f8
R8 =0x0000000000000001, R9 =0x0000000000000000, R10=0x0000000000003000, R11=0x000000001a550000
R12=0x000000000000000c, R13=0x0000000000000000, R14=0x0000000000497801, R15=0x000000001e6ff7f8
RIP=0x000000006b520570, EFLAGS=0x0000000000010246

Top of Stack: (sp=0x000000001e6ff6d0)
0x000000001e6ff6d0:   0000000000000004 000000001e6ff818
0x000000001e6ff6e0:   0000000085d729d8 00000000215032c0
0x000000001e6ff6f0:   0000000085d729d8 000000006b51aec4
0x000000001e6ff700:   0000000000461cf0 00000000000c0000
0x000000001e6ff710:   000000001e6ff7f8 0000000000000000
0x000000001e6ff720:   0000000085d729f8 000000006b51d7f8
0x000000001e6ff730:   00000000000ae53f 000000001e6ff7f8
0x000000001e6ff740:   0000000085be1ab0 00000000000ae53b
0x000000001e6ff750:   000000001e2d1b20 000000006b51ef2b
0x000000001e6ff760:   0000000085d729f8 00000000000ae53b
0x000000001e6ff770:   0000000085d729f8 0000000000000000
0x000000001e6ff780:   0000000000000000 0000000000497801
0x000000001e6ff790:   0000000000461e00 000000006b51db7b
0x000000001e6ff7a0:   0000000000000555 000000001e6ff869
0x000000001e6ff7b0:   0000000000461cf0 aaaaaaaaaaaaaaab
0x000000001e6ff7c0:   0000000066039390 000000006b414524 

Instructions: (pc=0x000000006b520570)
0x000000006b520550:   a4 67 00 48 8b c1 8b 0d 3c a4 67 00 45 84 c0 74
0x000000006b520560:   0b 8b 50 08 48 d3 e2 49 03 d1 eb 04 48 8b 50 08
0x000000006b520570:   81 7a 08 00 00 00 c0 7d 2f 45 84 c0 74 0b 8b 50
0x000000006b520580:   08 48 d3 e2 49 03 d1 eb 04 48 8b 50 08 48 8b c8 



---------------  P R O C E S S  ---------------

Threads class SMR info:
_java_thread_list=0x00000000676af510, length=30, elements={
0x0000000061e13000, 0x0000000061e1e000, 0x0000000061e21800, 0x0000000061e27800,
0x0000000061e28800, 0x0000000061e30800, 0x0000000061e31800, 0x0000000061e34800,
0x0000000062b36000, 0x0000000062b7f000, 0x00000000649a1800, 0x00000000661fe800,
0x0000000064a94000, 0x0000000068379800, 0x0000000064a56000, 0x0000000064a57000,
0x0000000064a57800, 0x0000000064a58800, 0x0000000064a59800, 0x0000000064a5a000,
0x0000000064a5b000, 0x000000006832d800, 0x000000006832e000, 0x000000006832f000,
0x000000006832f800, 0x0000000068330800, 0x0000000068331000, 0x0000000068332000,
0x0000000068333000, 0x0000000068333800
}

Java Threads: ( => current thread )
  0x0000000061e13000 JavaThread "Reference Handler" daemon [_thread_blocked, id=8032, stack(0x000000001e390000,0x000000001e490000)]
  0x0000000061e1e000 JavaThread "Finalizer" daemon [_thread_blocked, id=7976, stack(0x0000000020b80000,0x0000000020c80000)]
  0x0000000061e21800 JavaThread "Signal Dispatcher" daemon [_thread_blocked, id=7336, stack(0x0000000062080000,0x0000000062180000)]
  0x0000000061e27800 JavaThread "Attach Listener" daemon [_thread_blocked, id=8632, stack(0x00000000622a0000,0x00000000623a0000)]
  0x0000000061e28800 JavaThread "C2 CompilerThread0" daemon [_thread_blocked, id=1672, stack(0x00000000623b0000,0x00000000624b0000)]
  0x0000000061e30800 JavaThread "C2 CompilerThread1" daemon [_thread_blocked, id=8076, stack(0x0000000062540000,0x0000000062640000)]
  0x0000000061e31800 JavaThread "C1 CompilerThread2" daemon [_thread_blocked, id=8516, stack(0x0000000062750000,0x0000000062850000)]
  0x0000000061e34800 JavaThread "Sweeper thread" daemon [_thread_blocked, id=8252, stack(0x00000000629a0000,0x0000000062aa0000)]
  0x0000000062b36000 JavaThread "Service Thread" daemon [_thread_blocked, id=5044, stack(0x0000000062650000,0x0000000062750000)]
  0x0000000062b7f000 JavaThread "Common-Cleaner" daemon [_thread_blocked, id=2832, stack(0x0000000062f10000,0x0000000063010000)]
  0x00000000649a1800 JavaThread "ContainerBackgroundProcessor[StandardEngine[Tomcat]]" daemon [_thread_blocked, id=1140, stack(0x0000000065100000,0x0000000065200000)]
  0x00000000661fe800 JavaThread "container-0" [_thread_blocked, id=4248, stack(0x00000000628a0000,0x00000000629a0000)]
  0x0000000064a94000 JavaThread "Abandoned connection cleanup thread" daemon [_thread_blocked, id=7008, stack(0x0000000065450000,0x0000000065550000)]
  0x0000000068379800 JavaThread "HikariPool-1 housekeeper" daemon [_thread_blocked, id=8884, stack(0x000000006a130000,0x000000006a230000)]
  0x0000000064a56000 JavaThread "NioBlockingSelector.BlockPoller-1" daemon [_thread_in_native, id=1076, stack(0x000000006a030000,0x000000006a130000)]
  0x0000000064a57000 JavaThread "http-nio-8080-exec-1" daemon [_thread_in_vm, id=6620, stack(0x000000006d380000,0x000000006d480000)]
  0x0000000064a57800 JavaThread "http-nio-8080-exec-2" daemon [_thread_blocked, id=1288, stack(0x000000006ad10000,0x000000006ae10000)]
  0x0000000064a58800 JavaThread "http-nio-8080-exec-3" daemon [_thread_blocked, id=8896, stack(0x000000006d580000,0x000000006d680000)]
  0x0000000064a59800 JavaThread "http-nio-8080-exec-4" daemon [_thread_blocked, id=7152, stack(0x000000006d480000,0x000000006d580000)]
  0x0000000064a5a000 JavaThread "http-nio-8080-exec-5" daemon [_thread_blocked, id=6636, stack(0x000000006a7a0000,0x000000006a8a0000)]
  0x0000000064a5b000 JavaThread "http-nio-8080-exec-6" daemon [_thread_blocked, id=8668, stack(0x000000006da00000,0x000000006db00000)]
  0x000000006832d800 JavaThread "http-nio-8080-exec-7" daemon [_thread_blocked, id=2012, stack(0x000000006dbe0000,0x000000006dce0000)]
  0x000000006832e000 JavaThread "http-nio-8080-exec-8" daemon [_thread_blocked, id=5980, stack(0x000000006d8b0000,0x000000006d9b0000)]
  0x000000006832f000 JavaThread "http-nio-8080-exec-9" daemon [_thread_blocked, id=7096, stack(0x000000006dec0000,0x000000006dfc0000)]
  0x000000006832f800 JavaThread "http-nio-8080-exec-10" daemon [_thread_blocked, id=1084, stack(0x000000006e0c0000,0x000000006e1c0000)]
  0x0000000068330800 JavaThread "http-nio-8080-ClientPoller-0" daemon [_thread_in_native, id=8168, stack(0x000000006e240000,0x000000006e340000)]
  0x0000000068331000 JavaThread "http-nio-8080-ClientPoller-1" daemon [_thread_in_native, id=4056, stack(0x000000006dda0000,0x000000006dea0000)]
  0x0000000068332000 JavaThread "http-nio-8080-Acceptor-0" daemon [_thread_in_native, id=8864, stack(0x000000006e510000,0x000000006e610000)]
  0x0000000068333000 JavaThread "http-nio-8080-AsyncTimeout" daemon [_thread_blocked, id=7452, stack(0x000000006e640000,0x000000006e740000)]
  0x0000000068333800 JavaThread "DestroyJavaVM" [_thread_blocked, id=5956, stack(0x00000000020e0000,0x00000000021e0000)]

Other Threads:
  0x0000000061dca000 VMThread "VM Thread" [stack: 0x0000000061f60000,0x0000000062060000] [id=3508]
  0x0000000062b81800 WatcherThread [stack: 0x0000000063060000,0x0000000063160000] [id=3752]
  0x0000000000453800 GCTaskThread "GC Thread#0" [stack: 0x0000000019040000,0x0000000019140000] [id=8580]
  0x0000000000456000 GCTaskThread "GC Thread#1" [stack: 0x0000000019180000,0x0000000019280000] [id=8536]
  0x0000000000460000 GCTaskThread "GC Thread#2" [stack: 0x0000000019320000,0x0000000019420000] [id=5380]
  0x0000000000463000 GCTaskThread "GC Thread#3" [stack: 0x0000000019580000,0x0000000019680000] [id=7640]
  0x000000001e2d2800 ConcurrentGCThread "G1 Main Marker" [stack: 0x000000001e490000,0x000000001e590000] [id=8316]
=>0x0000000000497000 ConcurrentGCThread "G1 Conc#0" [stack: 0x000000001e600000,0x000000001e700000] [id=5548]
  0x000000001e31e000 ConcurrentGCThread "G1 Refine#0" [stack: 0x0000000020cd0000,0x0000000020dd0000] [id=7952]
  0x000000001e31f000 ConcurrentGCThread "G1 Refine#1" [stack: 0x0000000020f00000,0x0000000021000000] [id=6508]
  0x000000001e325000 ConcurrentGCThread "G1 Refine#2" [stack: 0x00000000210b0000,0x00000000211b0000] [id=5896]
  0x000000001e325800 ConcurrentGCThread "G1 Refine#3" [stack: 0x0000000021240000,0x0000000021340000] [id=9148]
  0x000000001e326800 ConcurrentGCThread "G1 Young RemSet Sampling" [stack: 0x00000000213f0000,0x00000000214f0000] [id=8380]

Threads with active compile tasks:

VM state:not at safepoint (normal execution)

VM Mutex/Monitor currently owned by a thread: None

Heap address: 0x0000000085800000, size: 1960 MB, Compressed Oops mode: 32-bit
Narrow klass base: 0x0000000000000000, Narrow klass shift: 0
Compressed class space size: 1073741824 Address: 0x00000000214f0000

Heap:
 garbage-first heap   total 152576K, used 32293K [0x0000000085800000, 0x0000000100000000)
  region size 1024K, 9 young (9216K), 8 survivors (8192K)
 Metaspace       used 65311K, capacity 66675K, committed 67148K, reserved 1107968K
  class space    used 8143K, capacity 8704K, committed 8780K, reserved 1048576K
Heap Regions: E=young(eden), S=young(survivor), O=old, HS=humongous(starts), HC=humongous(continues), CS=collection set, F=free, A=archive, TS=gc time stamp, AC=allocation context, TAMS=top-at-mark-start (previous, next)
|   0|0x0000000085800000, 0x0000000085900000, 0x0000000085900000|100%|HS|  |TS  0|AC  0|TAMS 0x0000000085900000, 0x0000000085900000|
|   1|0x0000000085900000, 0x0000000085a00000, 0x0000000085a00000|100%| O|  |TS  0|AC  0|TAMS 0x0000000085a00000, 0x0000000085a00000|
|   2|0x0000000085a00000, 0x0000000085b00000, 0x0000000085b00000|100%| O|  |TS  0|AC  0|TAMS 0x0000000085b00000, 0x0000000085b00000|
|   3|0x0000000085b00000, 0x0000000085c00000, 0x0000000085c00000|100%| O|  |TS  0|AC  0|TAMS 0x0000000085c00000, 0x0000000085c00000|
|   4|0x0000000085c00000, 0x0000000085d00000, 0x0000000085d00000|100%| O|  |TS  0|AC  0|TAMS 0x0000000085d00000, 0x0000000085d00000|
|   5|0x0000000085d00000, 0x0000000085e00000, 0x0000000085e00000|100%| O|  |TS  0|AC  0|TAMS 0x0000000085e00000, 0x0000000085e00000|
|   6|0x0000000085e00000, 0x0000000085f00000, 0x0000000085f00000|100%| O|  |TS  0|AC  0|TAMS 0x0000000085f00000, 0x0000000085f00000|
|   7|0x0000000085f00000, 0x0000000086000000, 0x0000000086000000|100%| O|  |TS  0|AC  0|TAMS 0x0000000086000000, 0x0000000086000000|
|   8|0x0000000086000000, 0x0000000086100000, 0x0000000086100000|100%| O|  |TS  0|AC  0|TAMS 0x0000000086100000, 0x0000000086100000|
|   9|0x0000000086100000, 0x0000000086200000, 0x0000000086200000|100%| O|  |TS  0|AC  0|TAMS 0x0000000086200000, 0x0000000086200000|
|  10|0x0000000086200000, 0x0000000086300000, 0x0000000086300000|100%| O|  |TS  0|AC  0|TAMS 0x0000000086300000, 0x0000000086300000|
|  11|0x0000000086300000, 0x0000000086400000, 0x0000000086400000|100%| O|  |TS  0|AC  0|TAMS 0x0000000086400000, 0x0000000086400000|
|  12|0x0000000086400000, 0x0000000086500000, 0x0000000086500000|100%| O|  |TS  0|AC  0|TAMS 0x0000000086500000, 0x0000000086500000|
|  13|0x0000000086500000, 0x0000000086600000, 0x0000000086600000|100%| O|  |TS  0|AC  0|TAMS 0x0000000086600000, 0x0000000086600000|
|  14|0x0000000086600000, 0x0000000086700000, 0x0000000086700000|100%| O|  |TS  0|AC  0|TAMS 0x0000000086700000, 0x0000000086700000|
|  15|0x0000000086700000, 0x0000000086800000, 0x0000000086800000|100%| O|  |TS  0|AC  0|TAMS 0x0000000086800000, 0x0000000086800000|
|  16|0x0000000086800000, 0x0000000086900000, 0x0000000086900000|100%| O|  |TS  0|AC  0|TAMS 0x0000000086900000, 0x0000000086900000|
|  17|0x0000000086900000, 0x0000000086a00000, 0x0000000086a00000|100%| O|  |TS  0|AC  0|TAMS 0x0000000086a00000, 0x0000000086a00000|
|  18|0x0000000086a00000, 0x0000000086b00000, 0x0000000086b00000|100%| O|  |TS  0|AC  0|TAMS 0x0000000086b00000, 0x0000000086b00000|
|  19|0x0000000086b00000, 0x0000000086c00000, 0x0000000086c00000|100%| O|  |TS  0|AC  0|TAMS 0x0000000086c00000, 0x0000000086c00000|
|  20|0x0000000086c00000, 0x0000000086d00000, 0x0000000086d00000|100%| O|  |TS  1|AC  0|TAMS 0x0000000086c87200, 0x0000000086d00000|
|  21|0x0000000086d00000, 0x0000000086e00000, 0x0000000086e00000|100%| O|  |TS  1|AC  0|TAMS 0x0000000086d00000, 0x0000000086e00000|
|  22|0x0000000086e00000, 0x0000000086f00000, 0x0000000086f00000|100%| O|  |TS  1|AC  0|TAMS 0x0000000086e00000, 0x0000000086f00000|
|  23|0x0000000086f00000, 0x0000000087000000, 0x0000000087000000|100%| O|  |TS  1|AC  0|TAMS 0x0000000086f00000, 0x0000000087000000|
|  24|0x0000000087000000, 0x0000000087000000, 0x0000000087100000|  0%| F|  |TS  0|AC  0|TAMS 0x0000000087000000, 0x0000000087000000|
|  25|0x0000000087100000, 0x0000000087100000, 0x0000000087200000|  0%| F|  |TS  0|AC  0|TAMS 0x0000000087100000, 0x0000000087100000|
|  26|0x0000000087200000, 0x0000000087200000, 0x0000000087300000|  0%| F|  |TS  0|AC  0|TAMS 0x0000000087200000, 0x0000000087200000|
|  27|0x0000000087300000, 0x0000000087300000, 0x0000000087400000|  0%| F|  |TS  0|AC  0|TAMS 0x0000000087300000, 0x0000000087300000|
|  28|0x0000000087400000, 0x0000000087400000, 0x0000000087500000|  0%| F|  |TS  0|AC  0|TAMS 0x0000000087400000, 0x0000000087400000|
|  29|0x0000000087500000, 0x0000000087500000, 0x0000000087600000|  0%| F|  |TS  0|AC  0|TAMS 0x0000000087500000, 0x0000000087500000|
|  30|0x0000000087600000, 0x0000000087600000, 0x0000000087700000|  0%| F|  |TS  0|AC  0|TAMS 0x0000000087600000, 0x0000000087600000|
|  31|0x0000000087700000, 0x0000000087700000, 0x0000000087800000|  0%| F|  |TS  0|AC  0|TAMS 0x0000000087700000, 0x0000000087700000|
|  32|0x0000000087800000, 0x0000000087800000, 0x0000000087900000|  0%| F|  |TS  0|AC  0|TAMS 0x0000000087800000, 0x0000000087800000|
|  33|0x0000000087900000, 0x0000000087900000, 0x0000000087a00000|  0%| F|  |TS  0|AC  0|TAMS 0x0000000087900000, 0x0000000087900000|
|  34|0x0000000087a00000, 0x0000000087a00000, 0x0000000087b00000|  0%| F|  |TS  0|AC  0|TAMS 0x0000000087a00000, 0x0000000087a00000|
|  35|0x0000000087b00000, 0x0000000087b00000, 0x0000000087c00000|  0%| F|  |TS  0|AC  0|TAMS 0x0000000087b00000, 0x0000000087b00000|
|  36|0x0000000087c00000, 0x0000000087c00000, 0x0000000087d00000|  0%| F|  |TS  0|AC  0|TAMS 0x0000000087c00000, 0x0000000087c00000|
|  37|0x0000000087d00000, 0x0000000087d00000, 0x0000000087e00000|  0%| F|  |TS  0|AC  0|TAMS 0x0000000087d00000, 0x0000000087d00000|
|  38|0x0000000087e00000, 0x0000000087e00000, 0x0000000087f00000|  0%| F|  |TS  0|AC  0|TAMS 0x0000000087e00000, 0x0000000087e00000|
|  39|0x0000000087f00000, 0x0000000087f00000, 0x0000000088000000|  0%| F|  |TS  0|AC  0|TAMS 0x0000000087f00000, 0x0000000087f00000|
|  40|0x0000000088000000, 0x0000000088000000, 0x0000000088100000|  0%| F|  |TS  0|AC  0|TAMS 0x0000000088000000, 0x0000000088000000|
|  41|0x0000000088100000, 0x0000000088100000, 0x0000000088200000|  0%| F|  |TS  0|AC  0|TAMS 0x0000000088100000, 0x0000000088100000|
|  42|0x0000000088200000, 0x0000000088200000, 0x0000000088300000|  0%| F|  |TS  0|AC  0|TAMS 0x0000000088200000, 0x0000000088200000|
|  43|0x0000000088300000, 0x0000000088300000, 0x0000000088400000|  0%| F|  |TS  0|AC  0|TAMS 0x0000000088300000, 0x0000000088300000|
|  44|0x0000000088400000, 0x0000000088400000, 0x0000000088500000|  0%| F|  |TS  0|AC  0|TAMS 0x0000000088400000, 0x0000000088400000|
|  45|0x0000000088500000, 0x0000000088500000, 0x0000000088600000|  0%| F|  |TS  0|AC  0|TAMS 0x0000000088500000, 0x0000000088500000|
|  46|0x0000000088600000, 0x0000000088600000, 0x0000000088700000|  0%| F|  |TS  0|AC  0|TAMS 0x0000000088600000, 0x0000000088600000|
|  47|0x0000000088700000, 0x0000000088700000, 0x0000000088800000|  0%| F|  |TS  0|AC  0|TAMS 0x0000000088700000, 0x0000000088700000|
|  48|0x0000000088800000, 0x0000000088800000, 0x0000000088900000|  0%| F|  |TS  0|AC  0|TAMS 0x0000000088800000, 0x0000000088800000|
|  49|0x0000000088900000, 0x0000000088900000, 0x0000000088a00000|  0%| F|  |TS  0|AC  0|TAMS 0x0000000088900000, 0x0000000088900000|
|  50|0x0000000088a00000, 0x0000000088a00000, 0x0000000088b00000|  0%| F|  |TS  0|AC  0|TAMS 0x0000000088a00000, 0x0000000088a00000|
|  51|0x0000000088b00000, 0x0000000088b00000, 0x0000000088c00000|  0%| F|  |TS  0|AC  0|TAMS 0x0000000088b00000, 0x0000000088b00000|
|  52|0x0000000088c00000, 0x0000000088c00000, 0x0000000088d00000|  0%| F|  |TS  0|AC  0|TAMS 0x0000000088c00000, 0x0000000088c00000|
|  53|0x0000000088d00000, 0x0000000088d00000, 0x0000000088e00000|  0%| F|  |TS  0|AC  0|TAMS 0x0000000088d00000, 0x0000000088d00000|
|  54|0x0000000088e00000, 0x0000000088e00000, 0x0000000088f00000|  0%| F|  |TS  0|AC  0|TAMS 0x0000000088e00000, 0x0000000088e00000|
|  55|0x0000000088f00000, 0x0000000088f00000, 0x0000000089000000|  0%| F|  |TS  0|AC  0|TAMS 0x0000000088f00000, 0x0000000088f00000|
|  56|0x0000000089000000, 0x0000000089000000, 0x0000000089100000|  0%| F|  |TS  0|AC  0|TAMS 0x0000000089000000, 0x0000000089000000|
|  57|0x0000000089100000, 0x00000000891896b0, 0x0000000089200000| 53%| S|CS|TS  1|AC  0|TAMS 0x0000000089100000, 0x0000000089100000|
|  58|0x0000000089200000, 0x0000000089300000, 0x0000000089300000|100%| S|CS|TS  1|AC  0|TAMS 0x0000000089200000, 0x0000000089200000|
|  59|0x0000000089300000, 0x0000000089400000, 0x0000000089400000|100%| S|CS|TS  1|AC  0|TAMS 0x0000000089300000, 0x0000000089300000|
|  60|0x0000000089400000, 0x0000000089500000, 0x0000000089500000|100%| S|CS|TS  1|AC  0|TAMS 0x0000000089400000, 0x0000000089400000|
|  61|0x0000000089500000, 0x0000000089600000, 0x0000000089600000|100%| S|CS|TS  1|AC  0|TAMS 0x0000000089500000, 0x0000000089500000|
|  62|0x0000000089600000, 0x0000000089700000, 0x0000000089700000|100%| S|CS|TS  1|AC  0|TAMS 0x0000000089600000, 0x0000000089600000|
|  63|0x0000000089700000, 0x0000000089800000, 0x0000000089800000|100%| S|CS|TS  1|AC  0|TAMS 0x0000000089700000, 0x0000000089700000|
|  64|0x0000000089800000, 0x0000000089900000, 0x0000000089900000|100%| S|CS|TS  1|AC  0|TAMS 0x0000000089800000, 0x0000000089800000|
|  65|0x0000000089900000, 0x0000000089900000, 0x0000000089a00000|  0%| F|  |TS  1|AC  0|TAMS 0x0000000089900000, 0x0000000089900000|
|  66|0x0000000089a00000, 0x0000000089a00000, 0x0000000089b00000|  0%| F|  |TS  1|AC  0|TAMS 0x0000000089a00000, 0x0000000089a00000|
|  67|0x0000000089b00000, 0x0000000089b00000, 0x0000000089c00000|  0%| F|  |TS  1|AC  0|TAMS 0x0000000089b00000, 0x0000000089b00000|
|  68|0x0000000089c00000, 0x0000000089c00000, 0x0000000089d00000|  0%| F|  |TS  1|AC  0|TAMS 0x0000000089c00000, 0x0000000089c00000|
|  69|0x0000000089d00000, 0x0000000089d00000, 0x0000000089e00000|  0%| F|  |TS  1|AC  0|TAMS 0x0000000089d00000, 0x0000000089d00000|
|  70|0x0000000089e00000, 0x0000000089e00000, 0x0000000089f00000|  0%| F|  |TS  1|AC  0|TAMS 0x0000000089e00000, 0x0000000089e00000|
|  71|0x0000000089f00000, 0x0000000089f00000, 0x000000008a000000|  0%| F|  |TS  1|AC  0|TAMS 0x0000000089f00000, 0x0000000089f00000|
|  72|0x000000008a000000, 0x000000008a000000, 0x000000008a100000|  0%| F|  |TS  1|AC  0|TAMS 0x000000008a000000, 0x000000008a000000|
|  73|0x000000008a100000, 0x000000008a100000, 0x000000008a200000|  0%| F|  |TS  1|AC  0|TAMS 0x000000008a100000, 0x000000008a100000|
|  74|0x000000008a200000, 0x000000008a200000, 0x000000008a300000|  0%| F|  |TS  1|AC  0|TAMS 0x000000008a200000, 0x000000008a200000|
|  75|0x000000008a300000, 0x000000008a300000, 0x000000008a400000|  0%| F|  |TS  1|AC  0|TAMS 0x000000008a300000, 0x000000008a300000|
|  76|0x000000008a400000, 0x000000008a400000, 0x000000008a500000|  0%| F|  |TS  1|AC  0|TAMS 0x000000008a400000, 0x000000008a400000|
|  77|0x000000008a500000, 0x000000008a500000, 0x000000008a600000|  0%| F|  |TS  1|AC  0|TAMS 0x000000008a500000, 0x000000008a500000|
|  78|0x000000008a600000, 0x000000008a600000, 0x000000008a700000|  0%| F|  |TS  1|AC  0|TAMS 0x000000008a600000, 0x000000008a600000|
|  79|0x000000008a700000, 0x000000008a700000, 0x000000008a800000|  0%| F|  |TS  1|AC  0|TAMS 0x000000008a700000, 0x000000008a700000|
|  80|0x000000008a800000, 0x000000008a800000, 0x000000008a900000|  0%| F|  |TS  1|AC  0|TAMS 0x000000008a800000, 0x000000008a800000|
|  81|0x000000008a900000, 0x000000008a900000, 0x000000008aa00000|  0%| F|  |TS  1|AC  0|TAMS 0x000000008a900000, 0x000000008a900000|
|  82|0x000000008aa00000, 0x000000008aa00000, 0x000000008ab00000|  0%| F|  |TS  1|AC  0|TAMS 0x000000008aa00000, 0x000000008aa00000|
|  83|0x000000008ab00000, 0x000000008ab00000, 0x000000008ac00000|  0%| F|  |TS  1|AC  0|TAMS 0x000000008ab00000, 0x000000008ab00000|
|  84|0x000000008ac00000, 0x000000008ac00000, 0x000000008ad00000|  0%| F|  |TS  1|AC  0|TAMS 0x000000008ac00000, 0x000000008ac00000|
|  85|0x000000008ad00000, 0x000000008ad00000, 0x000000008ae00000|  0%| F|  |TS  1|AC  0|TAMS 0x000000008ad00000, 0x000000008ad00000|
|  86|0x000000008ae00000, 0x000000008ae00000, 0x000000008af00000|  0%| F|  |TS  1|AC  0|TAMS 0x000000008ae00000, 0x000000008ae00000|
|  87|0x000000008af00000, 0x000000008af00000, 0x000000008b000000|  0%| F|  |TS  1|AC  0|TAMS 0x000000008af00000, 0x000000008af00000|
|  88|0x000000008b000000, 0x000000008b000000, 0x000000008b100000|  0%| F|  |TS  1|AC  0|TAMS 0x000000008b000000, 0x000000008b000000|
|  89|0x000000008b100000, 0x000000008b100000, 0x000000008b200000|  0%| F|  |TS  1|AC  0|TAMS 0x000000008b100000, 0x000000008b100000|
|  90|0x000000008b200000, 0x000000008b200000, 0x000000008b300000|  0%| F|  |TS  1|AC  0|TAMS 0x000000008b200000, 0x000000008b200000|
|  91|0x000000008b300000, 0x000000008b300000, 0x000000008b400000|  0%| F|  |TS  1|AC  0|TAMS 0x000000008b300000, 0x000000008b300000|
|  92|0x000000008b400000, 0x000000008b400000, 0x000000008b500000|  0%| F|  |TS  1|AC  0|TAMS 0x000000008b400000, 0x000000008b400000|
|  93|0x000000008b500000, 0x000000008b500000, 0x000000008b600000|  0%| F|  |TS  1|AC  0|TAMS 0x000000008b500000, 0x000000008b500000|
|  94|0x000000008b600000, 0x000000008b600000, 0x000000008b700000|  0%| F|  |TS  1|AC  0|TAMS 0x000000008b600000, 0x000000008b600000|
|  95|0x000000008b700000, 0x000000008b700000, 0x000000008b800000|  0%| F|  |TS  1|AC  0|TAMS 0x000000008b700000, 0x000000008b700000|
|  96|0x000000008b800000, 0x000000008b800000, 0x000000008b900000|  0%| F|  |TS  1|AC  0|TAMS 0x000000008b800000, 0x000000008b800000|
|  97|0x000000008b900000, 0x000000008b900000, 0x000000008ba00000|  0%| F|  |TS  1|AC  0|TAMS 0x000000008b900000, 0x000000008b900000|
|  98|0x000000008ba00000, 0x000000008ba00000, 0x000000008bb00000|  0%| F|  |TS  1|AC  0|TAMS 0x000000008ba00000, 0x000000008ba00000|
|  99|0x000000008bb00000, 0x000000008bb00000, 0x000000008bc00000|  0%| F|  |TS  1|AC  0|TAMS 0x000000008bb00000, 0x000000008bb00000|
| 100|0x000000008bc00000, 0x000000008bc00000, 0x000000008bd00000|  0%| F|  |TS  1|AC  0|TAMS 0x000000008bc00000, 0x000000008bc00000|
| 101|0x000000008bd00000, 0x000000008bd00000, 0x000000008be00000|  0%| F|  |TS  1|AC  0|TAMS 0x000000008bd00000, 0x000000008bd00000|
| 102|0x000000008be00000, 0x000000008be00000, 0x000000008bf00000|  0%| F|  |TS  1|AC  0|TAMS 0x000000008be00000, 0x000000008be00000|
| 103|0x000000008bf00000, 0x000000008bf00000, 0x000000008c000000|  0%| F|  |TS  1|AC  0|TAMS 0x000000008bf00000, 0x000000008bf00000|
| 104|0x000000008c000000, 0x000000008c000000, 0x000000008c100000|  0%| F|  |TS  1|AC  0|TAMS 0x000000008c000000, 0x000000008c000000|
| 105|0x000000008c100000, 0x000000008c100000, 0x000000008c200000|  0%| F|  |TS  1|AC  0|TAMS 0x000000008c100000, 0x000000008c100000|
| 106|0x000000008c200000, 0x000000008c200000, 0x000000008c300000|  0%| F|  |TS  1|AC  0|TAMS 0x000000008c200000, 0x000000008c200000|
| 107|0x000000008c300000, 0x000000008c300000, 0x000000008c400000|  0%| F|  |TS  1|AC  0|TAMS 0x000000008c300000, 0x000000008c300000|
| 108|0x000000008c400000, 0x000000008c400000, 0x000000008c500000|  0%| F|  |TS  1|AC  0|TAMS 0x000000008c400000, 0x000000008c400000|
| 109|0x000000008c500000, 0x000000008c500000, 0x000000008c600000|  0%| F|  |TS  1|AC  0|TAMS 0x000000008c500000, 0x000000008c500000|
| 110|0x000000008c600000, 0x000000008c600000, 0x000000008c700000|  0%| F|  |TS  1|AC  0|TAMS 0x000000008c600000, 0x000000008c600000|
| 111|0x000000008c700000, 0x000000008c700000, 0x000000008c800000|  0%| F|  |TS  1|AC  0|TAMS 0x000000008c700000, 0x000000008c700000|
| 112|0x000000008c800000, 0x000000008c800000, 0x000000008c900000|  0%| F|  |TS  1|AC  0|TAMS 0x000000008c800000, 0x000000008c800000|
| 113|0x000000008c900000, 0x000000008c900000, 0x000000008ca00000|  0%| F|  |TS  1|AC  0|TAMS 0x000000008c900000, 0x000000008c900000|
| 114|0x000000008ca00000, 0x000000008ca00000, 0x000000008cb00000|  0%| F|  |TS  1|AC  0|TAMS 0x000000008ca00000, 0x000000008ca00000|
| 115|0x000000008cb00000, 0x000000008cb00000, 0x000000008cc00000|  0%| F|  |TS  1|AC  0|TAMS 0x000000008cb00000, 0x000000008cb00000|
| 116|0x000000008cc00000, 0x000000008cc00000, 0x000000008cd00000|  0%| F|  |TS  1|AC  0|TAMS 0x000000008cc00000, 0x000000008cc00000|
| 117|0x000000008cd00000, 0x000000008cd00000, 0x000000008ce00000|  0%| F|  |TS  1|AC  0|TAMS 0x000000008cd00000, 0x000000008cd00000|
| 118|0x000000008ce00000, 0x000000008ce00000, 0x000000008cf00000|  0%| F|  |TS  1|AC  0|TAMS 0x000000008ce00000, 0x000000008ce00000|
| 119|0x000000008cf00000, 0x000000008cf00000, 0x000000008d000000|  0%| F|  |TS  1|AC  0|TAMS 0x000000008cf00000, 0x000000008cf00000|
| 120|0x000000008d000000, 0x000000008d000000, 0x000000008d100000|  0%| F|  |TS  1|AC  0|TAMS 0x000000008d000000, 0x000000008d000000|
| 121|0x000000008d100000, 0x000000008d100000, 0x000000008d200000|  0%| F|  |TS  1|AC  0|TAMS 0x000000008d100000, 0x000000008d100000|
| 122|0x000000008d200000, 0x000000008d200000, 0x000000008d300000|  0%| F|  |TS  1|AC  0|TAMS 0x000000008d200000, 0x000000008d200000|
| 123|0x000000008d300000, 0x000000008d300000, 0x000000008d400000|  0%| F|  |TS  1|AC  0|TAMS 0x000000008d300000, 0x000000008d300000|
| 124|0x000000008d400000, 0x000000008d400000, 0x000000008d500000|  0%| F|  |TS  1|AC  0|TAMS 0x000000008d400000, 0x000000008d400000|
| 125|0x000000008d500000, 0x000000008d500000, 0x000000008d600000|  0%| F|  |TS  1|AC  0|TAMS 0x000000008d500000, 0x000000008d500000|
| 126|0x000000008d600000, 0x000000008d600000, 0x000000008d700000|  0%| F|  |TS  1|AC  0|TAMS 0x000000008d600000, 0x000000008d600000|
| 127|0x000000008d700000, 0x000000008d700000, 0x000000008d800000|  0%| F|  |TS  1|AC  0|TAMS 0x000000008d700000, 0x000000008d700000|
| 128|0x000000008d800000, 0x000000008d800000, 0x000000008d900000|  0%| F|  |TS  1|AC  0|TAMS 0x000000008d800000, 0x000000008d800000|
| 129|0x000000008d900000, 0x000000008d900000, 0x000000008da00000|  0%| F|  |TS  1|AC  0|TAMS 0x000000008d900000, 0x000000008d900000|
| 130|0x000000008da00000, 0x000000008da00000, 0x000000008db00000|  0%| F|  |TS  1|AC  0|TAMS 0x000000008da00000, 0x000000008da00000|
| 131|0x000000008db00000, 0x000000008db00000, 0x000000008dc00000|  0%| F|  |TS  1|AC  0|TAMS 0x000000008db00000, 0x000000008db00000|
| 132|0x000000008dc00000, 0x000000008dc00000, 0x000000008dd00000|  0%| F|  |TS  1|AC  0|TAMS 0x000000008dc00000, 0x000000008dc00000|
| 133|0x000000008dd00000, 0x000000008dd00000, 0x000000008de00000|  0%| F|  |TS  1|AC  0|TAMS 0x000000008dd00000, 0x000000008dd00000|
| 134|0x000000008de00000, 0x000000008de00000, 0x000000008df00000|  0%| F|  |TS  1|AC  0|TAMS 0x000000008de00000, 0x000000008de00000|
| 135|0x000000008df00000, 0x000000008df00000, 0x000000008e000000|  0%| F|  |TS  1|AC  0|TAMS 0x000000008df00000, 0x000000008df00000|
| 136|0x000000008e000000, 0x000000008e000000, 0x000000008e100000|  0%| F|  |TS  1|AC  0|TAMS 0x000000008e000000, 0x000000008e000000|
| 137|0x000000008e100000, 0x000000008e100000, 0x000000008e200000|  0%| F|  |TS  1|AC  0|TAMS 0x000000008e100000, 0x000000008e100000|
| 138|0x000000008e200000, 0x000000008e200000, 0x000000008e300000|  0%| F|  |TS  1|AC  0|TAMS 0x000000008e200000, 0x000000008e200000|
| 139|0x000000008e300000, 0x000000008e300000, 0x000000008e400000|  0%| F|  |TS  1|AC  0|TAMS 0x000000008e300000, 0x000000008e300000|
| 140|0x000000008e400000, 0x000000008e400000, 0x000000008e500000|  0%| F|  |TS  1|AC  0|TAMS 0x000000008e400000, 0x000000008e400000|
| 141|0x000000008e500000, 0x000000008e500000, 0x000000008e600000|  0%| F|  |TS  1|AC  0|TAMS 0x000000008e500000, 0x000000008e500000|
| 142|0x000000008e600000, 0x000000008e600000, 0x000000008e700000|  0%| F|  |TS  1|AC  0|TAMS 0x000000008e600000, 0x000000008e600000|
| 143|0x000000008e700000, 0x000000008e700000, 0x000000008e800000|  0%| F|  |TS  1|AC  0|TAMS 0x000000008e700000, 0x000000008e700000|
| 144|0x000000008e800000, 0x000000008e800000, 0x000000008e900000|  0%| F|  |TS  1|AC  0|TAMS 0x000000008e800000, 0x000000008e800000|
| 145|0x000000008e900000, 0x000000008e900000, 0x000000008ea00000|  0%| F|  |TS  1|AC  0|TAMS 0x000000008e900000, 0x000000008e900000|
| 146|0x000000008ea00000, 0x000000008ea00000, 0x000000008eb00000|  0%| F|  |TS  1|AC  0|TAMS 0x000000008ea00000, 0x000000008ea00000|
| 147|0x000000008eb00000, 0x000000008eb00000, 0x000000008ec00000|  0%| F|  |TS  1|AC  0|TAMS 0x000000008eb00000, 0x000000008eb00000|
| 148|0x000000008ec00000, 0x000000008ec46c40, 0x000000008ed00000| 27%| E|  |TS  1|AC  0|TAMS 0x000000008ec00000, 0x000000008ec00000|

Card table byte_map: [0x0000000019d90000,0x000000001a170000] byte_map_base: 0x0000000019964000

Marking Bits (Prev, Next): (CMBitMap*) 0x000000001e2d1b58, (CMBitMap*) 0x000000001e2d1b20
 Prev Bits: [0x000000001c3f0000, 0x000000001e290000)
 Next Bits: [0x000000001a550000, 0x000000001c3f0000)

Polling page: 0x00000000000e0000

CodeHeap 'non-profiled nmethods': size=120064Kb used=3305Kb max_used=3305Kb free=116758Kb
 bounds [0x0000000011880000, 0x0000000011bc0000, 0x0000000018dc0000]
CodeHeap 'profiled nmethods': size=120000Kb used=13851Kb max_used=13851Kb free=106148Kb
 bounds [0x000000000a350000, 0x000000000b0e0000, 0x0000000011880000]
CodeHeap 'non-nmethods': size=5696Kb used=1223Kb max_used=1280Kb free=4472Kb
 bounds [0x0000000009dc0000, 0x000000000a030000, 0x000000000a350000]
 total_blobs=8066 nmethods=6182 adapters=521
 compilation: enabled

Compilation events (10 events):
Event: 145.084 Thread 0x0000000061e31800 6358   !   3       sun.nio.ch.WindowsSelectorImpl::resetWakeupSocket (41 bytes)
Event: 145.084 Thread 0x0000000061e31800 nmethod 6358 0x000000000b0ce690 code [0x000000000b0ce860, 0x000000000b0cec28]
Event: 145.084 Thread 0x0000000061e31800 6359       3       sun.nio.ch.WindowsSelectorImpl$FinishLock::checkForException (51 bytes)
Event: 145.087 Thread 0x0000000061e31800 nmethod 6359 0x000000000b0ced10 code [0x000000000b0cefa0, 0x000000000b0cfd08]
Event: 154.664 Thread 0x0000000061e31800 6360   !   3       java.net.URL::<init> (543 bytes)
Event: 154.670 Thread 0x0000000061e31800 nmethod 6360 0x000000000b0d0110 code [0x000000000b0d07e0, 0x000000000b0d4588]
Event: 154.696 Thread 0x0000000061e31800 6361       3       java.util.logging.LogManager$LoggerContext::getGlobalLogger (6 bytes)
Event: 154.696 Thread 0x0000000061e31800 nmethod 6361 0x000000000b0d6790 code [0x000000000b0d6940, 0x000000000b0d6a90]
Event: 154.709 Thread 0x0000000061e31800 6362   !   3       java.nio.charset.CharsetDecoder::decode (287 bytes)
Event: 154.711 Thread 0x0000000061e31800 nmethod 6362 0x000000000b0d6b10 code [0x000000000b0d6e60, 0x000000000b0d83f8]

GC Heap History (10 events):
Event: 8.714 GC heap before
{Heap before GC invocations=7 (full 0):
 garbage-first heap   total 126976K, used 45759K [0x0000000085800000, 0x0000000100000000)
  region size 1024K, 39 young (39936K), 6 survivors (6144K)
 Metaspace       used 34929K, capacity 35773K, committed 35920K, reserved 1081344K
  class space    used 4168K, capacity 4541K, committed 4608K, reserved 1048576K
}
Event: 8.726 GC heap after
{Heap after GC invocations=8 (full 0):
 garbage-first heap   total 126976K, used 15949K [0x0000000085800000, 0x0000000100000000)
  region size 1024K, 8 young (8192K), 8 survivors (8192K)
 Metaspace       used 34929K, capacity 35773K, committed 35920K, reserved 1081344K
  class space    used 4168K, capacity 4541K, committed 4608K, reserved 1048576K
}
Event: 9.346 GC heap before
{Heap before GC invocations=9 (full 0):
 garbage-first heap   total 126976K, used 78413K [0x0000000085800000, 0x0000000100000000)
  region size 1024K, 69 young (70656K), 8 survivors (8192K)
 Metaspace       used 38765K, capacity 39708K, committed 39936K, reserved 1083392K
  class space    used 4627K, capacity 5035K, committed 5120K, reserved 1048576K
}
Event: 9.365 GC heap after
{Heap after GC invocations=10 (full 0):
 garbage-first heap   total 126976K, used 21144K [0x0000000085800000, 0x0000000100000000)
  region size 1024K, 8 young (8192K), 8 survivors (8192K)
 Metaspace       used 38765K, capacity 39708K, committed 39936K, reserved 1083392K
  class space    used 4627K, capacity 5035K, committed 5120K, reserved 1048576K
}
Event: 10.808 GC heap before
{Heap before GC invocations=10 (full 0):
 garbage-first heap   total 126976K, used 83608K [0x0000000085800000, 0x0000000100000000)
  region size 1024K, 69 young (70656K), 8 survivors (8192K)
 Metaspace       used 51780K, capacity 52797K, committed 53504K, reserved 1095680K
  class space    used 6400K, capacity 6836K, committed 6912K, reserved 1048576K
}
Event: 10.843 GC heap after
{Heap after GC invocations=11 (full 0):
 garbage-first heap   total 126976K, used 25459K [0x0000000085800000, 0x0000000100000000)
  region size 1024K, 5 young (5120K), 5 survivors (5120K)
 Metaspace       used 51780K, capacity 52797K, committed 53504K, reserved 1095680K
  class space    used 6400K, capacity 6836K, committed 6912K, reserved 1048576K
}
Event: 11.869 GC heap before
{Heap before GC invocations=11 (full 0):
 garbage-first heap   total 126976K, used 74611K [0x0000000085800000, 0x0000000100000000)
  region size 1024K, 54 young (55296K), 5 survivors (5120K)
 Metaspace       used 58758K, capacity 59804K, committed 60288K, reserved 1101824K
  class space    used 7319K, capacity 7760K, committed 7808K, reserved 1048576K
}
Event: 11.884 GC heap after
{Heap after GC invocations=12 (full 0):
 garbage-first heap   total 152576K, used 27601K [0x0000000085800000, 0x0000000100000000)
  region size 1024K, 7 young (7168K), 7 survivors (7168K)
 Metaspace       used 58758K, capacity 59804K, committed 60288K, reserved 1101824K
  class space    used 7319K, capacity 7760K, committed 7808K, reserved 1048576K
}
Event: 154.711 GC heap before
{Heap before GC invocations=13 (full 0):
 garbage-first heap   total 152576K, used 106449K [0x0000000085800000, 0x0000000100000000)
  region size 1024K, 84 young (86016K), 7 survivors (7168K)
 Metaspace       used 65294K, capacity 66675K, committed 67148K, reserved 1107968K
  class space    used 8142K, capacity 8704K, committed 8780K, reserved 1048576K
}
Event: 154.742 GC heap after
{Heap after GC invocations=14 (full 0):
 garbage-first heap   total 152576K, used 32293K [0x0000000085800000, 0x0000000100000000)
  region size 1024K, 8 young (8192K), 8 survivors (8192K)
 Metaspace       used 65294K, capacity 66675K, committed 67148K, reserved 1107968K
  class space    used 8142K, capacity 8704K, committed 8780K, reserved 1048576K
}

Deoptimization events (10 events):
Event: 12.277 Thread 0x000000000043c000 Uncommon trap: reason=class_check action=maybe_recompile pc=0x0000000011a4da08 method=org.springframework.beans.factory.support.AbstractBeanFactory.isTypeMatch(Ljava/lang/String;Lorg/springframework/core/ResolvableType;)Z @ 47 c2
Event: 12.404 Thread 0x000000000043c000 Uncommon trap: reason=array_check action=maybe_recompile pc=0x0000000011b7ed28 method=java.util.AbstractCollection.toArray([Ljava/lang/Object;)[Ljava/lang/Object; @ 116 c2
Event: 12.405 Thread 0x000000000043c000 Uncommon trap: reason=array_check action=maybe_recompile pc=0x0000000011b7ed28 method=java.util.AbstractCollection.toArray([Ljava/lang/Object;)[Ljava/lang/Object; @ 116 c2
Event: 12.405 Thread 0x000000000043c000 Uncommon trap: reason=array_check action=maybe_recompile pc=0x0000000011b7ed28 method=java.util.AbstractCollection.toArray([Ljava/lang/Object;)[Ljava/lang/Object; @ 116 c2
Event: 12.405 Thread 0x000000000043c000 Uncommon trap: reason=array_check action=maybe_recompile pc=0x0000000011b7ed28 method=java.util.AbstractCollection.toArray([Ljava/lang/Object;)[Ljava/lang/Object; @ 116 c2
Event: 12.551 Thread 0x000000000043c000 Uncommon trap: reason=unstable_if action=reinterpret pc=0x0000000011916440 method=java.util.concurrent.ConcurrentHashMap.transfer([Ljava/util/concurrent/ConcurrentHashMap$Node;[Ljava/util/concurrent/ConcurrentHashMap$Node;)V @ 352 c2
Event: 12.883 Thread 0x000000000043c000 Uncommon trap: reason=unstable_if action=reinterpret pc=0x0000000011b7a5b4 method=org.springframework.beans.factory.support.AbstractBeanFactory.isTypeMatch(Ljava/lang/String;Lorg/springframework/core/ResolvableType;)Z @ 26 c2
Event: 12.885 Thread 0x000000000043c000 Uncommon trap: reason=unstable_if action=reinterpret pc=0x000000001190c6a8 method=java.util.concurrent.ConcurrentHashMap.transfer([Ljava/util/concurrent/ConcurrentHashMap$Node;[Ljava/util/concurrent/ConcurrentHashMap$Node;)V @ 352 c2
Event: 14.312 Thread 0x0000000064a94000 Uncommon trap: reason=unstable_if action=reinterpret pc=0x0000000011b46410 method=java.net.URL.<init>(Ljava/net/URL;Ljava/lang/String;Ljava/net/URLStreamHandler;)V @ 57 c2
Event: 14.312 Thread 0x0000000064a94000 Uncommon trap: reason=unstable_if action=reinterpret pc=0x0000000011a745a4 method=java.net.URLStreamHandler.parseURL(Ljava/net/URL;Ljava/lang/String;II)V @ 57 c2

Classes redefined (0 events):
No events

Internal exceptions (10 events):
Event: 12.595 Thread 0x000000000043c000 Exception <a 'java/lang/ClassNotFoundException'{0x000000008ca63040}: org/springframework/beans/factory/AwareCustomizer> (0x000000008ca63040) thrown at [t:/workspace/open/src/hotspot/share/classfile/systemDictionary.cpp, line 233]
Event: 12.595 Thread 0x000000000043c000 Exception <a 'java/lang/ClassNotFoundException'{0x000000008ca6d038}: org/springframework/context/ApplicationContextAwareCustomizer> (0x000000008ca6d038) thrown at [t:/workspace/open/src/hotspot/share/classfile/systemDictionary.cpp, line 233]
Event: 12.595 Thread 0x000000000043c000 Exception <a 'java/lang/ClassNotFoundException'{0x000000008ca775d8}: org/springframework/beans/factory/AwareCustomizer> (0x000000008ca775d8) thrown at [t:/workspace/open/src/hotspot/share/classfile/systemDictionary.cpp, line 233]
Event: 12.595 Thread 0x000000000043c000 Exception <a 'java/lang/ClassNotFoundException'{0x000000008ca81818}: org/springframework/web/context/ServletContextAwareCustomizer> (0x000000008ca81818) thrown at [t:/workspace/open/src/hotspot/share/classfile/systemDictionary.cpp, line 233]
Event: 12.596 Thread 0x000000000043c000 Exception <a 'java/lang/ClassNotFoundException'{0x000000008ca8b890}: org/springframework/beans/factory/AwareCustomizer> (0x000000008ca8b890) thrown at [t:/workspace/open/src/hotspot/share/classfile/systemDictionary.cpp, line 233]
Event: 12.756 Thread 0x000000000043c000 Exception <a 'java/lang/NoSuchMethodError'{0x000000008bda47d0}: java.lang.invoke.DirectMethodHandle$Holder.invokeVirtual(Ljava/lang/Object;Ljava/lang/Object;I)V> (0x000000008bda47d0) thrown at [t:/workspace/open/src/hotspot/share/interpreter/linkResolver.
Event: 13.062 Thread 0x000000000043c000 Exception <a 'java/lang/NoSuchMethodError'{0x000000008a995e68}: method resolution failed> (0x000000008a995e68) thrown at [t:/workspace/open/src/hotspot/share/prims/methodHandles.cpp, line 1226]
Event: 13.063 Thread 0x000000000043c000 Exception <a 'java/lang/NoSuchMethodError'{0x000000008a99dc98}: method resolution failed> (0x000000008a99dc98) thrown at [t:/workspace/open/src/hotspot/share/prims/methodHandles.cpp, line 1226]
Event: 13.063 Thread 0x000000000043c000 Exception <a 'java/lang/NoSuchMethodError'{0x000000008a9a19e0}: method resolution failed> (0x000000008a9a19e0) thrown at [t:/workspace/open/src/hotspot/share/prims/methodHandles.cpp, line 1226]
Event: 13.105 Thread 0x000000000043c000 Exception <a 'java/lang/NoSuchMethodError'{0x000000008a875668}: java.lang.invoke.DirectMethodHandle$Holder.invokeSpecial(Ljava/lang/Object;Ljava/lang/Object;)V> (0x000000008a875668) thrown at [t:/workspace/open/src/hotspot/share/interpreter/linkResolver.c

Events (10 events):
Event: 154.708 Executing VM operation: RevokeBias
Event: 154.708 Executing VM operation: RevokeBias done
Event: 154.709 loading class org/apache/tomcat/util/http/parser/LocalStrings_fr
Event: 154.709 loading class org/apache/tomcat/util/http/parser/LocalStrings_fr done
Event: 154.709 loading class org/apache/tomcat/util/http/parser/LocalStrings_fr_CA
Event: 154.709 loading class org/apache/tomcat/util/http/parser/LocalStrings_fr_CA done
Event: 154.711 loading class org/apache/coyote/http11/Http11InputBuffer
Event: 154.711 loading class org/apache/coyote/http11/Http11InputBuffer done
Event: 154.711 Executing VM operation: G1IncCollectionPause
Event: 154.742 Executing VM operation: G1IncCollectionPause done


Dynamic libraries:
0x000000013f660000 - 0x000000013f69e000 	C:\Program Files\Java\jre-10.0.2\bin\javaw.exe
0x0000000077640000 - 0x00000000777ea000 	C:\Windows\SYSTEM32\ntdll.dll
0x0000000077420000 - 0x000000007753f000 	C:\Windows\system32\kernel32.dll
0x000007fefd360000 - 0x000007fefd3ca000 	C:\Windows\system32\KERNELBASE.dll
0x000007feff870000 - 0x000007feff94b000 	C:\Windows\system32\ADVAPI32.dll
0x000007fefe9e0000 - 0x000007fefea7f000 	C:\Windows\system32\msvcrt.dll
0x000007fefd790000 - 0x000007fefd7af000 	C:\Windows\SYSTEM32\sechost.dll
0x000007feff410000 - 0x000007feff53d000 	C:\Windows\system32\RPCRT4.dll
0x0000000077540000 - 0x000000007763a000 	C:\Windows\system32\USER32.dll
0x000007fefd7b0000 - 0x000007fefd817000 	C:\Windows\system32\GDI32.dll
0x000007fefedc0000 - 0x000007fefedce000 	C:\Windows\system32\LPK.dll
0x000007fefe910000 - 0x000007fefe9db000 	C:\Windows\system32\USP10.dll
0x000007fefbbf0000 - 0x000007fefbde4000 	C:\Windows\WinSxS\amd64_microsoft.windows.common-controls_6595b64144ccf1df_6.0.7601.18837_none_fa3b1e3d17594757\COMCTL32.dll
0x000007fefee50000 - 0x000007fefeec1000 	C:\Windows\system32\SHLWAPI.dll
0x000007fefc400000 - 0x000007fefc40c000 	C:\Windows\system32\VERSION.dll
0x000007fefe5b0000 - 0x000007fefe5de000 	C:\Windows\system32\IMM32.DLL
0x000007feff0d0000 - 0x000007feff1d9000 	C:\Windows\system32\MSCTF.dll
0x000007fef16b0000 - 0x000007fef179f000 	C:\Program Files\Java\jre-10.0.2\bin\msvcr120.dll
0x000007fef7160000 - 0x000007fef7206000 	C:\Program Files\Java\jre-10.0.2\bin\msvcp120.dll
0x000000006b250000 - 0x000000006bcc0000 	C:\Program Files\Java\jre-10.0.2\bin\server\jvm.dll
0x000007fef8680000 - 0x000007fef8689000 	C:\Windows\system32\WSOCK32.dll
0x000007fefea80000 - 0x000007fefeacd000 	C:\Windows\system32\WS2_32.dll
0x000007fefebb0000 - 0x000007fefebb8000 	C:\Windows\system32\NSI.dll
0x000007fef9b00000 - 0x000007fef9b3b000 	C:\Windows\system32\WINMM.dll
0x0000000077800000 - 0x0000000077807000 	C:\Windows\system32\PSAPI.DLL
0x000007fefafd0000 - 0x000007fefafdf000 	C:\Program Files\Java\jre-10.0.2\bin\verify.dll
0x000007fef6220000 - 0x000007fef6345000 	C:\Windows\system32\DBGHELP.DLL
0x000007fef96a0000 - 0x000007fef96c7000 	C:\Program Files\Java\jre-10.0.2\bin\java.dll
0x000007fef9680000 - 0x000007fef9696000 	C:\Program Files\Java\jre-10.0.2\bin\zip.dll
0x000007fef9670000 - 0x000007fef967a000 	C:\Program Files\Java\jre-10.0.2\bin\jimage.dll
0x000007fefd820000 - 0x000007fefe5aa000 	C:\Windows\system32\SHELL32.dll
0x000007fefeed0000 - 0x000007feff0cc000 	C:\Windows\system32\ole32.dll
0x000007fefd330000 - 0x000007fefd33f000 	C:\Windows\system32\profapi.dll
0x000007fef9650000 - 0x000007fef966a000 	C:\Program Files\Java\jre-10.0.2\bin\net.dll
0x000007fefb200000 - 0x000007fefb271000 	C:\Windows\system32\WINHTTP.dll
0x000007fefb190000 - 0x000007fefb1f5000 	C:\Windows\system32\webio.dll
0x000007fefcac0000 - 0x000007fefcb15000 	C:\Windows\system32\mswsock.dll
0x000007fefcab0000 - 0x000007fefcab7000 	C:\Windows\System32\wship6.dll
0x000007fef8520000 - 0x000007fef8531000 	C:\Program Files\Java\jre-10.0.2\bin\nio.dll
0x000007fef9640000 - 0x000007fef9649000 	C:\Program Files\Java\jre-10.0.2\bin\management.dll
0x000007fef83e0000 - 0x000007fef83ea000 	C:\Program Files\Java\jre-10.0.2\bin\management_ext.dll
0x000007fef9ae0000 - 0x000007fef9af5000 	C:\Windows\system32\NLAapi.dll
0x000007fef5920000 - 0x000007fef5935000 	C:\Windows\system32\napinsp.dll
0x000007fef5900000 - 0x000007fef5919000 	C:\Windows\system32\pnrpnsp.dll
0x000007fefc940000 - 0x000007fefc99b000 	C:\Windows\system32\DNSAPI.dll
0x000007fef58f0000 - 0x000007fef58fb000 	C:\Windows\System32\winrnr.dll
0x000007fef58e0000 - 0x000007fef58f0000 	C:\Windows\system32\wshbth.dll
0x000007fefc4d0000 - 0x000007fefc4d7000 	C:\Windows\System32\wshtcpip.dll
0x000007fef9470000 - 0x000007fef9497000 	C:\Windows\system32\IPHLPAPI.DLL
0x000007fef9460000 - 0x000007fef946b000 	C:\Windows\system32\WINNSI.DLL
0x000007fef58d0000 - 0x000007fef58d8000 	C:\Windows\system32\rasadhlp.dll
0x000007fef8f50000 - 0x000007fef8fa3000 	C:\Windows\System32\fwpuclnt.dll
0x000007fefcb20000 - 0x000007fefcb38000 	C:\Windows\system32\CRYPTSP.dll
0x000007fefc820000 - 0x000007fefc867000 	C:\Windows\system32\rsaenh.dll
0x000007fefd3e0000 - 0x000007fefd3fe000 	C:\Windows\system32\USERENV.dll
0x000007fefd190000 - 0x000007fefd19f000 	C:\Windows\system32\CRYPTBASE.dll
0x000007fef8ed0000 - 0x000007fef8ee8000 	C:\Windows\system32\dhcpcsvc.DLL
0x000007fef8eb0000 - 0x000007fef8ec1000 	C:\Windows\system32\dhcpcsvc6.DLL

dbghelp: loaded successfully - version: 4.0.5 - missing functions: none
symbol engine: initialized successfully - sym options: 0x614 - pdb path: .;C:\Program Files\Java\jre-10.0.2\bin;C:\Windows\SYSTEM32;C:\Windows\WinSxS\amd64_microsoft.windows.common-controls_6595b64144ccf1df_6.0.7601.18837_none_fa3b1e3d17594757;C:\Program Files\Java\jre-10.0.2\bin\server

VM Arguments:
jvm_args: -Dfile.encoding=UTF-8 
java_command: com.wadzem.backendwadzen.BackendwadzenApplication
java_class_path (initial): C:\eclipse-workspace\backendwadzen\target\classes;C:\eclipse-workspace\backendwadzen\target\test-classes;C:\Users\Portable\.m2\repository\org\springframework\boot\spring-boot-starter-data-jpa\2.1.0.RELEASE\spring-boot-starter-data-jpa-2.1.0.RELEASE.jar;C:\Users\Portable\.m2\repository\org\springframework\boot\spring-boot-starter-aop\2.1.0.RELEASE\spring-boot-starter-aop-2.1.0.RELEASE.jar;C:\Users\Portable\.m2\repository\org\springframework\spring-aop\5.1.2.RELEASE\spring-aop-5.1.2.RELEASE.jar;C:\Users\Portable\.m2\repository\org\aspectj\aspectjweaver\1.9.2\aspectjweaver-1.9.2.jar;C:\Users\Portable\.m2\repository\org\springframework\boot\spring-boot-starter-jdbc\2.1.0.RELEASE\spring-boot-starter-jdbc-2.1.0.RELEASE.jar;C:\Users\Portable\.m2\repository\com\zaxxer\HikariCP\3.2.0\HikariCP-3.2.0.jar;C:\Users\Portable\.m2\repository\org\springframework\spring-jdbc\5.1.2.RELEASE\spring-jdbc-5.1.2.RELEASE.jar;C:\Users\Portable\.m2\repository\javax\transaction\javax.transaction-api\1.3\javax.transaction-api-1.3.jar;C:\Users\Portable\.m2\repository\javax\xml\bind\jaxb-api\2.3.1\jaxb-api-2.3.1.jar;C:\Users\Portable\.m2\repository\javax\activation\javax.activation-api\1.2.0\javax.activation-api-1.2.0.jar;C:\Users\Portable\.m2\repository\org\hibernate\hibernate-core\5.3.7.Final\hibernate-core-5.3.7.Final.jar;C:\Users\Portable\.m2\repository\org\jboss\logging\jboss-logging\3.3.2.Final\jboss-logging-3.3.2.Final.jar;C:\Users\Portable\.m2\repository\javax\persistence\javax.persistence-api\2.2\javax.persistence-api-2.2.jar;C:\Users\Portable\.m2\repository\org\javassist\javassist\3.23.1-GA\javassist-3.23.1-GA.jar;C:\Users\Portable\.m2\repository\net\bytebuddy\byte-buddy\1.9.3\byte-buddy-1.9.3.jar;C:\Users\Portable\.m2\repository\antlr\antlr\2.7.7\antlr-2.7.7.jar;C:\Users\Portable\.m2\repository\org\jboss\jandex\2.0.5.Final\jandex-2.0.5.Final.jar;C:\Users\Portable\.m2\repository\com\fasterxml\classmate\1.4.0\classmate-1.4.0.jar;C:\Users\Portable\.m2\reposito
Launcher Type: SUN_STANDARD

Logging:
Log output configuration:
#0: stdout all=warning uptime,level,tags
#1: stderr all=off uptime,level,tags

Environment Variables:
CLASSPATH=.;C:\Program Files (x86)\Java\jre1.8.0_131\lib\ext\QTJava.zip
PATH=C:/Program Files/Java/jre1.8.0_181/bin/server;C:/Program Files/Java/jre1.8.0_181/bin;C:/Program Files/Java/jre1.8.0_181/lib/amd64;C:\Program Files (x86)\Common Files\Oracle\Java\javapath;C:\ProgramData\Oracle\Java\javapath;C:\Windows\system32;C:\Windows;C:\Windows\System32\Wbem;C:\Program Files (x86)\Microsoft SQL Server\110\Tools\Binn\ManagementStudio\;C:\Program Files (x86)\Microsoft SQL Server\110\Tools\Binn\;C:\Program Files\Microsoft SQL Server\110\Tools\Binn\;C:\Program Files (x86)\Microsoft SQL Server\110\DTS\Binn\;C:\Program Files\Microsoft SQL Server\130\Tools\Binn\;C:\Program Files\dotnet\;C:\Program Files\MySQL\MySQL Utilities 1.6\;C:\Program Files (x86)\QuickTime\QTSystem\;C:\Program Files\Microsoft SQL Server\Client SDK\ODBC\110\Tools\Binn\;C:\Program Files (x86)\Microsoft SQL Server\120\Tools\Binn\;C:\Program Files\Microsoft SQL Server\120\Tools\Binn\;C:\Program Files\Microsoft SQL Server\120\DTS\Binn\;C:\Program Files (x86)\Microsoft SQL Server\120\Tools\Binn\ManagementStudio\;C:\Program Files (x86)\Microsoft SQL Server\120\DTS\Binn\;C:\Program Files\Git\cmd;C:\Windows\System32\WindowsPowerShell\v1.0\;C:\Program Files\nodejs\;C:\xampp\php;C:\composer;C:\Users\Portable\.dotnet\tools;C:\Users\Portable\AppData\Roaming\npm;C:\Users\Portable\AppData\Local\atom\bin;C:\Program Files\Docker Toolbox;C:\Users\Portable\AppData\Roaming\Composer\vendor\bin;C:\eclipse;
USERNAME=Portable
OS=Windows_NT
PROCESSOR_IDENTIFIER=Intel64 Family 6 Model 78 Stepping 3, GenuineIntel



---------------  S Y S T E M  ---------------

OS: Windows 7 , 64 bit Build 7601 (6.1.7601.23915)

CPU:total 4 (initial active 4) (2 cores per cpu, 2 threads per core) family 6 model 78 stepping 3, cmov, cx8, fxsr, mmx, sse, sse2, sse3, ssse3, sse4.1, sse4.2, popcnt, avx, avx2, aes, clmul, erms, 3dnowpref, lzcnt, ht, tsc, tscinvbit, bmi1, bmi2, adx, fma

Memory: 4k page, physical 8021456k(417060k free), swap 16041052k(7926020k free)

vm_info: Java HotSpot(TM) 64-Bit Server VM (10.0.2+13) for windows-amd64 JRE (10.0.2+13), built on Jun 28 2018 01:57:56 by "mach5one" with MS VC++ 12.0 (VS2013)

END.
